2020-10-14 16:52:24.528 [SpringContextShutdownHook] INFO 
                o.s.c.alibaba.nacos.registry.NacosServiceRegistry - De-registering from Nacos Server now...
2020-10-14 16:52:24.584 [SpringContextShutdownHook] INFO 
                o.s.c.alibaba.nacos.registry.NacosServiceRegistry - De-registration finished.
2020-10-14 16:52:24.599 [SpringContextShutdownHook] INFO 
                o.s.scheduling.concurrent.ThreadPoolTaskExecutor - Shutting down ExecutorService 'applicationTaskExecutor'
2020-10-14 16:52:24.888 [SpringContextShutdownHook] INFO 
                com.zaxxer.hikari.HikariDataSource - HikariPool-1 - Shutdown initiated...
2020-10-14 16:52:24.913 [SpringContextShutdownHook] INFO 
                com.zaxxer.hikari.HikariDataSource - HikariPool-1 - Shutdown completed.
2020-10-14 16:52:44.354 [main] INFO 
                com.han.eduService.EduApplication - The following profiles are active: dev
2020-10-14 16:52:46.525 [main] INFO 
                o.s.d.r.config.RepositoryConfigurationDelegate - Multiple Spring Data modules found, entering strict repository configuration mode!
2020-10-14 16:52:46.530 [main] INFO 
                o.s.d.r.config.RepositoryConfigurationDelegate - Bootstrapping Spring Data repositories in DEFAULT mode.
2020-10-14 16:52:46.608 [main] INFO 
                o.s.d.r.config.RepositoryConfigurationDelegate - Finished Spring Data repository scanning in 31ms. Found 0 repository interfaces.
2020-10-14 16:52:47.128 [main] INFO 
                o.springframework.cloud.context.scope.GenericScope - BeanFactory id=23ba53cf-9c0d-3a73-888d-8d8b6b7376fb
2020-10-14 16:52:47.398 [main] INFO 
                o.s.c.s.PostProcessorRegistrationDelegate$BeanPostProcessorChecker - Bean 'redisConfig' of type [com.han.service_base.RedisConfig$$EnhancerBySpringCGLIB$$83a85264] is not eligible for getting processed by all BeanPostProcessors (for example: not eligible for auto-proxying)
2020-10-14 16:52:47.450 [main] INFO 
                o.s.c.s.PostProcessorRegistrationDelegate$BeanPostProcessorChecker - Bean 'org.springframework.transaction.annotation.ProxyTransactionManagementConfiguration' of type [org.springframework.transaction.annotation.ProxyTransactionManagementConfiguration] is not eligible for getting processed by all BeanPostProcessors (for example: not eligible for auto-proxying)
2020-10-14 16:52:47.564 [main] INFO 
                o.s.c.s.PostProcessorRegistrationDelegate$BeanPostProcessorChecker - Bean 'org.springframework.cloud.autoconfigure.ConfigurationPropertiesRebinderAutoConfiguration' of type [org.springframework.cloud.autoconfigure.ConfigurationPropertiesRebinderAutoConfiguration] is not eligible for getting processed by all BeanPostProcessors (for example: not eligible for auto-proxying)
2020-10-14 16:52:47.994 [main] INFO 
                o.s.boot.web.embedded.tomcat.TomcatWebServer - Tomcat initialized with port(s): 8001 (http)
2020-10-14 16:52:48.009 [main] INFO 
                org.apache.coyote.http11.Http11NioProtocol - Initializing ProtocolHandler ["http-nio-8001"]
2020-10-14 16:52:48.009 [main] INFO 
                org.apache.catalina.core.StandardService - Starting service [Tomcat]
2020-10-14 16:52:48.010 [main] INFO 
                org.apache.catalina.core.StandardEngine - Starting Servlet engine: [Apache Tomcat/9.0.27]
2020-10-14 16:52:48.169 [main] INFO 
                o.a.c.core.ContainerBase.[Tomcat].[localhost].[/] - Initializing Spring embedded WebApplicationContext
2020-10-14 16:52:48.169 [main] INFO 
                org.springframework.web.context.ContextLoader - Root WebApplicationContext: initialization completed in 3787 ms
2020-10-14 16:52:48.516 [main] INFO 
                com.zaxxer.hikari.HikariDataSource - HikariPool-1 - Starting...
2020-10-14 16:52:49.226 [main] INFO 
                com.zaxxer.hikari.HikariDataSource - HikariPool-1 - Start completed.
2020-10-14 16:52:50.981 [main] INFO 
                s.d.s.w.PropertySourcedRequestMappingHandlerMapping - Mapped URL path [/v2/api-docs] onto method [springfox.documentation.swagger2.web.Swagger2Controller#getDocumentation(String, HttpServletRequest)]
2020-10-14 16:52:51.012 [main] INFO 
                com.netflix.config.sources.URLConfigurationSource - To enable URLs as dynamic configuration sources, define System property archaius.configurationSource.additionalUrls or make config.properties available on classpath.
2020-10-14 16:52:51.018 [main] INFO 
                com.netflix.config.sources.URLConfigurationSource - To enable URLs as dynamic configuration sources, define System property archaius.configurationSource.additionalUrls or make config.properties available on classpath.
2020-10-14 16:52:51.184 [main] INFO 
                o.s.scheduling.concurrent.ThreadPoolTaskExecutor - Initializing ExecutorService 'applicationTaskExecutor'
2020-10-14 16:52:51.668 [main] INFO 
                o.s.scheduling.concurrent.ThreadPoolTaskScheduler - Initializing ExecutorService
2020-10-14 16:52:51.853 [main] INFO 
                s.d.s.web.plugins.DocumentationPluginsBootstrapper - Context refreshed
2020-10-14 16:52:51.886 [main] INFO 
                s.d.s.web.plugins.DocumentationPluginsBootstrapper - Found 1 custom documentation plugin(s)
2020-10-14 16:52:51.933 [main] INFO 
                s.d.spring.web.scanners.ApiListingReferenceScanner - Scanning for api listing references
2020-10-14 16:52:52.401 [main] INFO 
                org.apache.coyote.http11.Http11NioProtocol - Starting ProtocolHandler ["http-nio-8001"]
2020-10-14 16:52:52.426 [main] INFO 
                o.s.boot.web.embedded.tomcat.TomcatWebServer - Tomcat started on port(s): 8001 (http) with context path ''
2020-10-14 16:52:52.519 [main] INFO 
                com.han.eduService.EduApplication - Started EduApplication in 9.67 seconds (JVM running for 12.09)
2020-10-14 18:27:01.610 [SpringContextShutdownHook] INFO 
                o.s.c.alibaba.nacos.registry.NacosServiceRegistry - De-registering from Nacos Server now...
2020-10-14 18:27:01.634 [SpringContextShutdownHook] INFO 
                o.s.c.alibaba.nacos.registry.NacosServiceRegistry - De-registration finished.
2020-10-14 18:27:01.649 [SpringContextShutdownHook] INFO 
                o.s.scheduling.concurrent.ThreadPoolTaskExecutor - Shutting down ExecutorService 'applicationTaskExecutor'
2020-10-14 18:27:01.826 [SpringContextShutdownHook] INFO 
                com.zaxxer.hikari.HikariDataSource - HikariPool-1 - Shutdown initiated...
2020-10-14 18:27:01.908 [SpringContextShutdownHook] INFO 
                com.zaxxer.hikari.HikariDataSource - HikariPool-1 - Shutdown completed.
2020-10-14 18:27:18.790 [main] INFO 
                com.han.eduService.EduApplication - The following profiles are active: dev
2020-10-14 18:27:23.510 [main] INFO 
                o.s.d.r.config.RepositoryConfigurationDelegate - Multiple Spring Data modules found, entering strict repository configuration mode!
2020-10-14 18:27:23.526 [main] INFO 
                o.s.d.r.config.RepositoryConfigurationDelegate - Bootstrapping Spring Data repositories in DEFAULT mode.
2020-10-14 18:27:23.618 [main] INFO 
                o.s.d.r.config.RepositoryConfigurationDelegate - Finished Spring Data repository scanning in 43ms. Found 0 repository interfaces.
2020-10-14 18:27:24.500 [main] INFO 
                o.springframework.cloud.context.scope.GenericScope - BeanFactory id=23ba53cf-9c0d-3a73-888d-8d8b6b7376fb
2020-10-14 18:27:24.750 [main] INFO 
                o.s.c.s.PostProcessorRegistrationDelegate$BeanPostProcessorChecker - Bean 'redisConfig' of type [com.han.service_base.RedisConfig$$EnhancerBySpringCGLIB$$66c2d0f3] is not eligible for getting processed by all BeanPostProcessors (for example: not eligible for auto-proxying)
2020-10-14 18:27:24.827 [main] INFO 
                o.s.c.s.PostProcessorRegistrationDelegate$BeanPostProcessorChecker - Bean 'org.springframework.transaction.annotation.ProxyTransactionManagementConfiguration' of type [org.springframework.transaction.annotation.ProxyTransactionManagementConfiguration] is not eligible for getting processed by all BeanPostProcessors (for example: not eligible for auto-proxying)
2020-10-14 18:27:24.897 [main] INFO 
                o.s.c.s.PostProcessorRegistrationDelegate$BeanPostProcessorChecker - Bean 'org.springframework.cloud.autoconfigure.ConfigurationPropertiesRebinderAutoConfiguration' of type [org.springframework.cloud.autoconfigure.ConfigurationPropertiesRebinderAutoConfiguration] is not eligible for getting processed by all BeanPostProcessors (for example: not eligible for auto-proxying)
2020-10-14 18:27:25.319 [main] INFO 
                o.s.boot.web.embedded.tomcat.TomcatWebServer - Tomcat initialized with port(s): 8001 (http)
2020-10-14 18:27:25.337 [main] INFO 
                org.apache.coyote.http11.Http11NioProtocol - Initializing ProtocolHandler ["http-nio-8001"]
2020-10-14 18:27:25.338 [main] INFO 
                org.apache.catalina.core.StandardService - Starting service [Tomcat]
2020-10-14 18:27:25.339 [main] INFO 
                org.apache.catalina.core.StandardEngine - Starting Servlet engine: [Apache Tomcat/9.0.27]
2020-10-14 18:27:25.496 [main] INFO 
                o.a.c.core.ContainerBase.[Tomcat].[localhost].[/] - Initializing Spring embedded WebApplicationContext
2020-10-14 18:27:25.496 [main] INFO 
                org.springframework.web.context.ContextLoader - Root WebApplicationContext: initialization completed in 6654 ms
2020-10-14 18:27:25.850 [main] INFO 
                com.zaxxer.hikari.HikariDataSource - HikariPool-1 - Starting...
2020-10-14 18:27:26.263 [main] INFO 
                com.zaxxer.hikari.HikariDataSource - HikariPool-1 - Start completed.
2020-10-14 18:27:27.919 [main] INFO 
                s.d.s.w.PropertySourcedRequestMappingHandlerMapping - Mapped URL path [/v2/api-docs] onto method [springfox.documentation.swagger2.web.Swagger2Controller#getDocumentation(String, HttpServletRequest)]
2020-10-14 18:27:27.948 [main] INFO 
                com.netflix.config.sources.URLConfigurationSource - To enable URLs as dynamic configuration sources, define System property archaius.configurationSource.additionalUrls or make config.properties available on classpath.
2020-10-14 18:27:27.954 [main] INFO 
                com.netflix.config.sources.URLConfigurationSource - To enable URLs as dynamic configuration sources, define System property archaius.configurationSource.additionalUrls or make config.properties available on classpath.
2020-10-14 18:27:28.120 [main] INFO 
                o.s.scheduling.concurrent.ThreadPoolTaskExecutor - Initializing ExecutorService 'applicationTaskExecutor'
2020-10-14 18:27:28.694 [main] INFO 
                o.s.scheduling.concurrent.ThreadPoolTaskScheduler - Initializing ExecutorService
2020-10-14 18:27:28.867 [main] INFO 
                s.d.s.web.plugins.DocumentationPluginsBootstrapper - Context refreshed
2020-10-14 18:27:28.908 [main] INFO 
                s.d.s.web.plugins.DocumentationPluginsBootstrapper - Found 1 custom documentation plugin(s)
2020-10-14 18:27:28.952 [main] INFO 
                s.d.spring.web.scanners.ApiListingReferenceScanner - Scanning for api listing references
2020-10-14 18:27:29.371 [main] INFO 
                org.apache.coyote.http11.Http11NioProtocol - Starting ProtocolHandler ["http-nio-8001"]
2020-10-14 18:27:29.394 [main] INFO 
                o.s.boot.web.embedded.tomcat.TomcatWebServer - Tomcat started on port(s): 8001 (http) with context path ''
2020-10-14 18:27:29.485 [main] INFO 
                com.han.eduService.EduApplication - Started EduApplication in 14.155 seconds (JVM running for 19.759)
2020-10-14 18:28:55.485 [http-nio-8001-exec-1] INFO 
                o.a.c.core.ContainerBase.[Tomcat].[localhost].[/] - Initializing Spring DispatcherServlet 'dispatcherServlet'
2020-10-14 18:28:55.488 [http-nio-8001-exec-1] INFO 
                org.springframework.web.servlet.DispatcherServlet - Initializing Servlet 'dispatcherServlet'
2020-10-14 18:28:55.504 [http-nio-8001-exec-1] INFO 
                org.springframework.web.servlet.DispatcherServlet - Completed initialization in 15 ms
