2020-10-17 15:07:51.576 [main] INFO 
                com.han.eduService.EduApplication - The following profiles are active: dev
2020-10-17 15:07:54.189 [main] INFO 
                o.s.d.r.config.RepositoryConfigurationDelegate - Multiple Spring Data modules found, entering strict repository configuration mode!
2020-10-17 15:07:54.193 [main] INFO 
                o.s.d.r.config.RepositoryConfigurationDelegate - Bootstrapping Spring Data repositories in DEFAULT mode.
2020-10-17 15:07:54.248 [main] INFO 
                o.s.d.r.config.RepositoryConfigurationDelegate - Finished Spring Data repository scanning in 23ms. Found 0 repository interfaces.
2020-10-17 15:07:55.538 [main] INFO 
                o.springframework.cloud.context.scope.GenericScope - BeanFactory id=23ba53cf-9c0d-3a73-888d-8d8b6b7376fb
2020-10-17 15:07:56.037 [main] INFO 
                o.s.c.s.PostProcessorRegistrationDelegate$BeanPostProcessorChecker - Bean 'redisConfig' of type [com.han.service_base.RedisConfig$$EnhancerBySpringCGLIB$$41195980] is not eligible for getting processed by all BeanPostProcessors (for example: not eligible for auto-proxying)
2020-10-17 15:07:56.623 [main] INFO 
                o.s.c.s.PostProcessorRegistrationDelegate$BeanPostProcessorChecker - Bean 'org.springframework.transaction.annotation.ProxyTransactionManagementConfiguration' of type [org.springframework.transaction.annotation.ProxyTransactionManagementConfiguration] is not eligible for getting processed by all BeanPostProcessors (for example: not eligible for auto-proxying)
2020-10-17 15:07:57.305 [main] INFO 
                o.s.c.s.PostProcessorRegistrationDelegate$BeanPostProcessorChecker - Bean 'org.springframework.cloud.autoconfigure.ConfigurationPropertiesRebinderAutoConfiguration' of type [org.springframework.cloud.autoconfigure.ConfigurationPropertiesRebinderAutoConfiguration] is not eligible for getting processed by all BeanPostProcessors (for example: not eligible for auto-proxying)
2020-10-17 15:07:58.873 [main] INFO 
                o.s.boot.web.embedded.tomcat.TomcatWebServer - Tomcat initialized with port(s): 8001 (http)
2020-10-17 15:07:58.911 [main] INFO 
                org.apache.coyote.http11.Http11NioProtocol - Initializing ProtocolHandler ["http-nio-8001"]
2020-10-17 15:07:58.912 [main] INFO 
                org.apache.catalina.core.StandardService - Starting service [Tomcat]
2020-10-17 15:07:58.913 [main] INFO 
                org.apache.catalina.core.StandardEngine - Starting Servlet engine: [Apache Tomcat/9.0.27]
2020-10-17 15:07:59.370 [main] INFO 
                o.a.c.core.ContainerBase.[Tomcat].[localhost].[/] - Initializing Spring embedded WebApplicationContext
2020-10-17 15:07:59.371 [main] INFO 
                org.springframework.web.context.ContextLoader - Root WebApplicationContext: initialization completed in 7691 ms
2020-10-17 15:08:00.128 [main] INFO 
                com.zaxxer.hikari.HikariDataSource - HikariPool-1 - Starting...
2020-10-17 15:08:01.179 [main] INFO 
                com.zaxxer.hikari.HikariDataSource - HikariPool-1 - Start completed.
2020-10-17 15:08:04.841 [main] INFO 
                s.d.s.w.PropertySourcedRequestMappingHandlerMapping - Mapped URL path [/v2/api-docs] onto method [springfox.documentation.swagger2.web.Swagger2Controller#getDocumentation(String, HttpServletRequest)]
2020-10-17 15:08:04.892 [main] INFO 
                com.netflix.config.sources.URLConfigurationSource - To enable URLs as dynamic configuration sources, define System property archaius.configurationSource.additionalUrls or make config.properties available on classpath.
2020-10-17 15:08:04.903 [main] INFO 
                com.netflix.config.sources.URLConfigurationSource - To enable URLs as dynamic configuration sources, define System property archaius.configurationSource.additionalUrls or make config.properties available on classpath.
2020-10-17 15:08:05.678 [main] INFO 
                o.s.scheduling.concurrent.ThreadPoolTaskExecutor - Initializing ExecutorService 'applicationTaskExecutor'
2020-10-17 15:08:07.067 [main] INFO 
                o.s.scheduling.concurrent.ThreadPoolTaskScheduler - Initializing ExecutorService
2020-10-17 15:08:08.144 [main] INFO 
                s.d.s.web.plugins.DocumentationPluginsBootstrapper - Context refreshed
2020-10-17 15:08:08.352 [main] INFO 
                s.d.s.web.plugins.DocumentationPluginsBootstrapper - Found 1 custom documentation plugin(s)
2020-10-17 15:08:08.583 [main] INFO 
                s.d.spring.web.scanners.ApiListingReferenceScanner - Scanning for api listing references
2020-10-17 15:08:10.610 [main] INFO 
                org.apache.coyote.http11.Http11NioProtocol - Starting ProtocolHandler ["http-nio-8001"]
2020-10-17 15:08:10.663 [main] INFO 
                o.s.boot.web.embedded.tomcat.TomcatWebServer - Tomcat started on port(s): 8001 (http) with context path ''
2020-10-17 15:08:10.829 [main] INFO 
                o.s.c.alibaba.nacos.registry.NacosServiceRegistry - nacos registry, service-edu 10.181.198.24:8001 register finished
2020-10-17 15:08:10.858 [main] INFO 
                com.han.eduService.EduApplication - Started EduApplication in 21.706 seconds (JVM running for 24.768)
2020-10-17 15:21:45.718 [http-nio-8001-exec-1] INFO 
                o.a.c.core.ContainerBase.[Tomcat].[localhost].[/] - Initializing Spring DispatcherServlet 'dispatcherServlet'
2020-10-17 15:21:45.724 [http-nio-8001-exec-1] INFO 
                org.springframework.web.servlet.DispatcherServlet - Initializing Servlet 'dispatcherServlet'
2020-10-17 15:21:45.812 [http-nio-8001-exec-1] INFO 
                org.springframework.web.servlet.DispatcherServlet - Completed initialization in 88 ms
2020-10-17 16:08:19.817 [SpringContextShutdownHook] INFO 
                o.s.c.alibaba.nacos.registry.NacosServiceRegistry - De-registering from Nacos Server now...
2020-10-17 16:08:19.863 [SpringContextShutdownHook] INFO 
                o.s.c.alibaba.nacos.registry.NacosServiceRegistry - De-registration finished.
2020-10-17 16:08:19.870 [SpringContextShutdownHook] INFO 
                o.s.scheduling.concurrent.ThreadPoolTaskExecutor - Shutting down ExecutorService 'applicationTaskExecutor'
2020-10-17 16:08:19.962 [SpringContextShutdownHook] INFO 
                com.zaxxer.hikari.HikariDataSource - HikariPool-1 - Shutdown initiated...
2020-10-17 16:08:19.973 [SpringContextShutdownHook] INFO 
                com.zaxxer.hikari.HikariDataSource - HikariPool-1 - Shutdown completed.
2020-10-17 16:08:38.529 [main] INFO 
                com.han.eduService.EduApplication - The following profiles are active: dev
2020-10-17 16:08:42.447 [main] INFO 
                o.s.d.r.config.RepositoryConfigurationDelegate - Multiple Spring Data modules found, entering strict repository configuration mode!
2020-10-17 16:08:42.453 [main] INFO 
                o.s.d.r.config.RepositoryConfigurationDelegate - Bootstrapping Spring Data repositories in DEFAULT mode.
2020-10-17 16:08:42.529 [main] INFO 
                o.s.d.r.config.RepositoryConfigurationDelegate - Finished Spring Data repository scanning in 48ms. Found 0 repository interfaces.
2020-10-17 16:08:43.197 [main] INFO 
                o.springframework.cloud.context.scope.GenericScope - BeanFactory id=23ba53cf-9c0d-3a73-888d-8d8b6b7376fb
2020-10-17 16:08:43.424 [main] INFO 
                o.s.c.s.PostProcessorRegistrationDelegate$BeanPostProcessorChecker - Bean 'redisConfig' of type [com.han.service_base.RedisConfig$$EnhancerBySpringCGLIB$$6fd5017f] is not eligible for getting processed by all BeanPostProcessors (for example: not eligible for auto-proxying)
2020-10-17 16:08:43.466 [main] INFO 
                o.s.c.s.PostProcessorRegistrationDelegate$BeanPostProcessorChecker - Bean 'org.springframework.transaction.annotation.ProxyTransactionManagementConfiguration' of type [org.springframework.transaction.annotation.ProxyTransactionManagementConfiguration] is not eligible for getting processed by all BeanPostProcessors (for example: not eligible for auto-proxying)
2020-10-17 16:08:43.523 [main] INFO 
                o.s.c.s.PostProcessorRegistrationDelegate$BeanPostProcessorChecker - Bean 'org.springframework.cloud.autoconfigure.ConfigurationPropertiesRebinderAutoConfiguration' of type [org.springframework.cloud.autoconfigure.ConfigurationPropertiesRebinderAutoConfiguration] is not eligible for getting processed by all BeanPostProcessors (for example: not eligible for auto-proxying)
2020-10-17 16:08:43.958 [main] INFO 
                o.s.boot.web.embedded.tomcat.TomcatWebServer - Tomcat initialized with port(s): 8001 (http)
2020-10-17 16:08:43.973 [main] INFO 
                org.apache.coyote.http11.Http11NioProtocol - Initializing ProtocolHandler ["http-nio-8001"]
2020-10-17 16:08:43.974 [main] INFO 
                org.apache.catalina.core.StandardService - Starting service [Tomcat]
2020-10-17 16:08:43.974 [main] INFO 
                org.apache.catalina.core.StandardEngine - Starting Servlet engine: [Apache Tomcat/9.0.27]
2020-10-17 16:08:44.148 [main] INFO 
                o.a.c.core.ContainerBase.[Tomcat].[localhost].[/] - Initializing Spring embedded WebApplicationContext
2020-10-17 16:08:44.148 [main] INFO 
                org.springframework.web.context.ContextLoader - Root WebApplicationContext: initialization completed in 5523 ms
2020-10-17 16:08:44.532 [main] INFO 
                com.zaxxer.hikari.HikariDataSource - HikariPool-1 - Starting...
2020-10-17 16:08:45.117 [main] INFO 
                com.zaxxer.hikari.HikariDataSource - HikariPool-1 - Start completed.
2020-10-17 16:08:47.781 [main] INFO 
                s.d.s.w.PropertySourcedRequestMappingHandlerMapping - Mapped URL path [/v2/api-docs] onto method [springfox.documentation.swagger2.web.Swagger2Controller#getDocumentation(String, HttpServletRequest)]
2020-10-17 16:08:47.847 [main] INFO 
                com.netflix.config.sources.URLConfigurationSource - To enable URLs as dynamic configuration sources, define System property archaius.configurationSource.additionalUrls or make config.properties available on classpath.
2020-10-17 16:08:47.858 [main] INFO 
                com.netflix.config.sources.URLConfigurationSource - To enable URLs as dynamic configuration sources, define System property archaius.configurationSource.additionalUrls or make config.properties available on classpath.
2020-10-17 16:08:48.212 [main] INFO 
                o.s.scheduling.concurrent.ThreadPoolTaskExecutor - Initializing ExecutorService 'applicationTaskExecutor'
2020-10-17 16:08:48.797 [main] INFO 
                o.s.scheduling.concurrent.ThreadPoolTaskScheduler - Initializing ExecutorService
2020-10-17 16:08:49.040 [main] INFO 
                s.d.s.web.plugins.DocumentationPluginsBootstrapper - Context refreshed
2020-10-17 16:08:49.071 [main] INFO 
                s.d.s.web.plugins.DocumentationPluginsBootstrapper - Found 1 custom documentation plugin(s)
2020-10-17 16:08:49.168 [main] INFO 
                s.d.spring.web.scanners.ApiListingReferenceScanner - Scanning for api listing references
2020-10-17 16:08:49.848 [main] INFO 
                org.apache.coyote.http11.Http11NioProtocol - Starting ProtocolHandler ["http-nio-8001"]
2020-10-17 16:08:49.936 [main] INFO 
                o.s.boot.web.embedded.tomcat.TomcatWebServer - Tomcat started on port(s): 8001 (http) with context path ''
2020-10-17 16:08:49.969 [main] INFO 
                o.s.c.alibaba.nacos.registry.NacosServiceRegistry - nacos registry, service-edu 10.181.198.24:8001 register finished
2020-10-17 16:08:49.979 [main] INFO 
                com.han.eduService.EduApplication - Started EduApplication in 14.723 seconds (JVM running for 17.792)
2020-10-17 16:15:52.627 [SpringContextShutdownHook] INFO 
                o.s.c.alibaba.nacos.registry.NacosServiceRegistry - De-registering from Nacos Server now...
2020-10-17 16:15:52.676 [SpringContextShutdownHook] INFO 
                o.s.c.alibaba.nacos.registry.NacosServiceRegistry - De-registration finished.
2020-10-17 16:15:52.684 [SpringContextShutdownHook] INFO 
                o.s.scheduling.concurrent.ThreadPoolTaskExecutor - Shutting down ExecutorService 'applicationTaskExecutor'
2020-10-17 16:15:52.936 [SpringContextShutdownHook] INFO 
                com.zaxxer.hikari.HikariDataSource - HikariPool-1 - Shutdown initiated...
2020-10-17 16:15:52.995 [SpringContextShutdownHook] INFO 
                com.zaxxer.hikari.HikariDataSource - HikariPool-1 - Shutdown completed.
2020-10-17 16:16:05.206 [main] INFO 
                com.han.eduService.EduApplication - The following profiles are active: dev
2020-10-17 16:16:07.689 [main] INFO 
                o.s.d.r.config.RepositoryConfigurationDelegate - Multiple Spring Data modules found, entering strict repository configuration mode!
2020-10-17 16:16:07.697 [main] INFO 
                o.s.d.r.config.RepositoryConfigurationDelegate - Bootstrapping Spring Data repositories in DEFAULT mode.
2020-10-17 16:16:07.765 [main] INFO 
                o.s.d.r.config.RepositoryConfigurationDelegate - Finished Spring Data repository scanning in 33ms. Found 0 repository interfaces.
2020-10-17 16:16:08.741 [main] INFO 
                o.springframework.cloud.context.scope.GenericScope - BeanFactory id=23ba53cf-9c0d-3a73-888d-8d8b6b7376fb
2020-10-17 16:16:08.970 [main] INFO 
                o.s.c.s.PostProcessorRegistrationDelegate$BeanPostProcessorChecker - Bean 'redisConfig' of type [com.han.service_base.RedisConfig$$EnhancerBySpringCGLIB$$5203aa08] is not eligible for getting processed by all BeanPostProcessors (for example: not eligible for auto-proxying)
2020-10-17 16:16:09.025 [main] INFO 
                o.s.c.s.PostProcessorRegistrationDelegate$BeanPostProcessorChecker - Bean 'org.springframework.transaction.annotation.ProxyTransactionManagementConfiguration' of type [org.springframework.transaction.annotation.ProxyTransactionManagementConfiguration] is not eligible for getting processed by all BeanPostProcessors (for example: not eligible for auto-proxying)
2020-10-17 16:16:09.250 [main] INFO 
                o.s.c.s.PostProcessorRegistrationDelegate$BeanPostProcessorChecker - Bean 'org.springframework.cloud.autoconfigure.ConfigurationPropertiesRebinderAutoConfiguration' of type [org.springframework.cloud.autoconfigure.ConfigurationPropertiesRebinderAutoConfiguration] is not eligible for getting processed by all BeanPostProcessors (for example: not eligible for auto-proxying)
2020-10-17 16:16:09.686 [main] INFO 
                o.s.boot.web.embedded.tomcat.TomcatWebServer - Tomcat initialized with port(s): 8001 (http)
2020-10-17 16:16:09.704 [main] INFO 
                org.apache.coyote.http11.Http11NioProtocol - Initializing ProtocolHandler ["http-nio-8001"]
2020-10-17 16:16:09.705 [main] INFO 
                org.apache.catalina.core.StandardService - Starting service [Tomcat]
2020-10-17 16:16:09.706 [main] INFO 
                org.apache.catalina.core.StandardEngine - Starting Servlet engine: [Apache Tomcat/9.0.27]
2020-10-17 16:16:09.893 [main] INFO 
                o.a.c.core.ContainerBase.[Tomcat].[localhost].[/] - Initializing Spring embedded WebApplicationContext
2020-10-17 16:16:09.894 [main] INFO 
                org.springframework.web.context.ContextLoader - Root WebApplicationContext: initialization completed in 4646 ms
2020-10-17 16:16:10.250 [main] INFO 
                com.zaxxer.hikari.HikariDataSource - HikariPool-1 - Starting...
2020-10-17 16:16:10.900 [main] INFO 
                com.zaxxer.hikari.HikariDataSource - HikariPool-1 - Start completed.
2020-10-17 16:16:13.114 [main] INFO 
                s.d.s.w.PropertySourcedRequestMappingHandlerMapping - Mapped URL path [/v2/api-docs] onto method [springfox.documentation.swagger2.web.Swagger2Controller#getDocumentation(String, HttpServletRequest)]
2020-10-17 16:16:13.154 [main] INFO 
                com.netflix.config.sources.URLConfigurationSource - To enable URLs as dynamic configuration sources, define System property archaius.configurationSource.additionalUrls or make config.properties available on classpath.
2020-10-17 16:16:13.165 [main] INFO 
                com.netflix.config.sources.URLConfigurationSource - To enable URLs as dynamic configuration sources, define System property archaius.configurationSource.additionalUrls or make config.properties available on classpath.
2020-10-17 16:16:13.393 [main] INFO 
                o.s.scheduling.concurrent.ThreadPoolTaskExecutor - Initializing ExecutorService 'applicationTaskExecutor'
2020-10-17 16:16:14.091 [main] INFO 
                o.s.scheduling.concurrent.ThreadPoolTaskScheduler - Initializing ExecutorService
2020-10-17 16:16:14.399 [main] INFO 
                s.d.s.web.plugins.DocumentationPluginsBootstrapper - Context refreshed
2020-10-17 16:16:14.436 [main] INFO 
                s.d.s.web.plugins.DocumentationPluginsBootstrapper - Found 1 custom documentation plugin(s)
2020-10-17 16:16:14.508 [main] INFO 
                s.d.spring.web.scanners.ApiListingReferenceScanner - Scanning for api listing references
2020-10-17 16:16:15.113 [main] INFO 
                org.apache.coyote.http11.Http11NioProtocol - Starting ProtocolHandler ["http-nio-8001"]
2020-10-17 16:16:15.153 [main] INFO 
                o.s.boot.web.embedded.tomcat.TomcatWebServer - Tomcat started on port(s): 8001 (http) with context path ''
2020-10-17 16:16:15.174 [main] INFO 
                o.s.c.alibaba.nacos.registry.NacosServiceRegistry - nacos registry, service-edu 10.181.198.24:8001 register finished
2020-10-17 16:16:15.182 [main] INFO 
                com.han.eduService.EduApplication - Started EduApplication in 13.15 seconds (JVM running for 15.941)
2020-10-17 16:18:07.602 [http-nio-8001-exec-1] INFO 
                o.a.c.core.ContainerBase.[Tomcat].[localhost].[/] - Initializing Spring DispatcherServlet 'dispatcherServlet'
2020-10-17 16:18:07.607 [http-nio-8001-exec-1] INFO 
                org.springframework.web.servlet.DispatcherServlet - Initializing Servlet 'dispatcherServlet'
2020-10-17 16:18:07.671 [http-nio-8001-exec-1] INFO 
                org.springframework.web.servlet.DispatcherServlet - Completed initialization in 46 ms
2020-10-17 16:59:37.020 [SpringContextShutdownHook] INFO 
                o.s.c.alibaba.nacos.registry.NacosServiceRegistry - De-registering from Nacos Server now...
2020-10-17 16:59:37.113 [SpringContextShutdownHook] INFO 
                o.s.c.alibaba.nacos.registry.NacosServiceRegistry - De-registration finished.
2020-10-17 16:59:37.149 [SpringContextShutdownHook] INFO 
                o.s.scheduling.concurrent.ThreadPoolTaskExecutor - Shutting down ExecutorService 'applicationTaskExecutor'
2020-10-17 16:59:37.729 [SpringContextShutdownHook] INFO 
                com.zaxxer.hikari.HikariDataSource - HikariPool-1 - Shutdown initiated...
2020-10-17 16:59:37.781 [SpringContextShutdownHook] INFO 
                com.zaxxer.hikari.HikariDataSource - HikariPool-1 - Shutdown completed.
