2020-10-05 15:26:48.854 [main] ERROR o.s.b.diagnostics.LoggingFailureAnalysisReporter - 

***************************
APPLICATION FAILED TO START
***************************

Description:

Web server failed to start. Port 8001 was already in use.

Action:

Identify and stop the process that's listening on port 8001 or configure this application to listen on another port.

2020-10-05 15:28:23.645 [main] ERROR o.s.b.diagnostics.LoggingFailureAnalysisReporter - 

***************************
APPLICATION FAILED TO START
***************************

Description:

Web server failed to start. Port 8001 was already in use.

Action:

Identify and stop the process that's listening on port 8001 or configure this application to listen on another port.

2020-10-05 15:30:23.761 [main] ERROR o.s.b.diagnostics.LoggingFailureAnalysisReporter - 

***************************
APPLICATION FAILED TO START
***************************

Description:

Web server failed to start. Port 8001 was already in use.

Action:

Identify and stop the process that's listening on port 8001 or configure this application to listen on another port.

